<?xml version="1.0" encoding="UTF-8"?>
<!-- Generated by org.testng.reporters.JUnitReportReporter -->
<testsuite hostname="LAPTOP-9MGQ1891" failures="0" tests="1" name="com.practice.JavaUtil" time="0.007" errors="0" timestamp="2022-04-29T16:41:37 IST" skipped="0">
  <testcase classname="com.practice.JavaUtil" name="createRandomnumber" time="0.007"/>
  <system-out/>
</testsuite> <!-- com.practice.JavaUtil -->
