<?xml version="1.0" encoding="UTF-8"?>
<!-- Generated by org.testng.reporters.JUnitReportReporter -->
<testsuite hostname="LAPTOP-9MGQ1891" failures="0" tests="1" name="SDET_HYD_6.SDET_HYD_6.ReadTheDataFromExcel" time="0.357" errors="0" timestamp="2022-04-18T12:52:48 IST" skipped="0">
  <testcase classname="SDET_HYD_6.SDET_HYD_6.ReadTheDataFromExcel" name="ReadTheDataFromExcel" time="0.357"/>
  <system-out/>
</testsuite> <!-- SDET_HYD_6.SDET_HYD_6.ReadTheDataFromExcel -->
