<?xml version="1.0" encoding="UTF-8"?>
<!-- Generated by org.testng.reporters.JUnitReportReporter -->
<testsuite hostname="LAPTOP-9MGQ1891" failures="0" tests="1" name="DDT.practice.ReadingdDataFromXmlTest" time="0.007" errors="0" timestamp="2022-04-14T16:48:49 IST" skipped="0">
  <testcase classname="DDT.practice.ReadingdDataFromXmlTest" name="readingDataFromXmlTest" time="0.007"/>
  <system-out/>
</testsuite> <!-- DDT.practice.ReadingdDataFromXmlTest -->
