<?xml version="1.0" encoding="UTF-8"?>
<!-- Generated by org.testng.reporters.JUnitReportReporter -->
<testsuite hostname="LAPTOP-9MGQ1891" failures="0" tests="1" name="JDBCpractice.ExecuteUpdateTest" time="0.153" errors="0" timestamp="2022-04-19T16:26:20 IST" skipped="0">
  <testcase classname="JDBCpractice.ExecuteUpdateTest" name="executeUpdateTest" time="0.153"/>
  <system-out/>
</testsuite> <!-- JDBCpractice.ExecuteUpdateTest -->
