<?xml version="1.0" encoding="UTF-8"?>
<!-- Generated by org.testng.reporters.JUnitReportReporter -->
<testsuite hostname="LAPTOP-9MGQ1891" failures="0" tests="1" name="JDBCpractice.ExecuteQueryTest" time="0.184" errors="0" timestamp="2022-04-19T16:13:55 IST" skipped="0">
  <testcase classname="JDBCpractice.ExecuteQueryTest" name="executeQueryTest" time="0.184"/>
  <system-out/>
</testsuite> <!-- JDBCpractice.ExecuteQueryTest -->
