<?xml version="1.0" encoding="UTF-8"?>
<!-- Generated by org.testng.reporters.JUnitReportReporter -->
<testsuite hostname="LAPTOP-9MGQ1891" failures="0" tests="1" name="DDT.practice.ReadingDataFromJsonTest" time="0.012" errors="0" timestamp="2022-04-14T17:40:59 IST" skipped="0">
  <testcase classname="DDT.practice.ReadingDataFromJsonTest" name="ReadingDataFromJsonTest" time="0.012"/>
  <system-out/>
</testsuite> <!-- DDT.practice.ReadingDataFromJsonTest -->
